# JRE version: OpenJDK Runtime Environment (17.0.11) (build 17.0.11+0--11852314)
# Java VM: OpenJDK 64-Bit Server VM (17.0.11+0--11852314, mixed mode, tiered, compressed oops, compressed class ptrs, g1 gc, windows-amd64)
GC Precious Log:
 CPUs: 12 total, 12 available
 Memory: 7583M
 Large Page Support: Disabled
 NUMA Support: Disabled
 Compressed Oops: Enabled (32-bit)
 Heap Region Size: 1M
 Heap Min Capacity: 8M
 Heap Initial Capacity: 120M
 Heap Max Capacity: 1896M
 Pre-touch: Disabled
 Parallel Workers: 10
 Concurrent Workers: 3
 Concurrent Refinement Workers: 10
 Periodic GC: Disabled
Heap:
 garbage-first heap   total 78848K, used 38679K [0x0000000089800000, 0x0000000100000000)
  region size 1024K, 13 young (13312K), 1 survivors (1024K)
 Metaspace       used 49092K, committed 49344K, reserved 1114112K
  class space    used 5981K, committed 6080K, reserved 1048576K
GC Heap History (20 events):
Event: 0.570 GC heap before
{Heap before GC invocations=0 (full 0):
 garbage-first heap   total 122880K, used 27648K [0x0000000089800000, 0x0000000100000000)
  region size 1024K, 23 young (23552K), 0 survivors (0K)
 Metaspace       used 13351K, committed 13440K, reserved 1114112K
  class space    used 1287K, committed 1344K, reserved 1048576K
}
Event: 0.574 GC heap after
{Heap after GC invocations=1 (full 0):
 garbage-first heap   total 122880K, used 6944K [0x0000000089800000, 0x0000000100000000)
  region size 1024K, 3 young (3072K), 3 survivors (3072K)
 Metaspace       used 13351K, committed 13440K, reserved 1114112K
  class space    used 1287K, committed 1344K, reserved 1048576K
}
Event: 1.086 GC heap before
{Heap before GC invocations=1 (full 0):
 garbage-first heap   total 122880K, used 38688K [0x0000000089800000, 0x0000000100000000)
  region size 1024K, 35 young (35840K), 3 survivors (3072K)
 Metaspace       used 21356K, committed 21504K, reserved 1114112K
  class space    used 2344K, committed 2432K, reserved 1048576K
}
Event: 1.094 GC heap after
{Heap after GC invocations=2 (full 0):
 garbage-first heap   total 122880K, used 10294K [0x0000000089800000, 0x0000000100000000)
  region size 1024K, 4 young (4096K), 4 survivors (4096K)
 Metaspace       used 21356K, committed 21504K, reserved 1114112K
  class space    used 2344K, committed 2432K, reserved 1048576K
}
Event: 1.411 GC heap before
{Heap before GC invocations=3 (full 0):
 garbage-first heap   total 40960K, used 30774K [0x0000000089800000, 0x0000000100000000)
  region size 1024K, 24 young (24576K), 4 survivors (4096K)
 Metaspace       used 28091K, committed 28288K, reserved 1114112K
  class space    used 3466K, committed 3520K, reserved 1048576K
}
Event: 1.418 GC heap after
{Heap after GC invocations=4 (full 0):
 garbage-first heap   total 40960K, used 11405K [0x0000000089800000, 0x0000000100000000)
  region size 1024K, 2 young (2048K), 2 survivors (2048K)
 Metaspace       used 28091K, committed 28288K, reserved 1114112K
  class space    used 3466K, committed 3520K, reserved 1048576K
}
Event: 1.437 GC heap before
{Heap before GC invocations=4 (full 0):
 garbage-first heap   total 40960K, used 12429K [0x0000000089800000, 0x0000000100000000)
  region size 1024K, 3 young (3072K), 2 survivors (2048K)
 Metaspace       used 28482K, committed 28736K, reserved 1114112K
  class space    used 3550K, committed 3648K, reserved 1048576K
}
Event: 1.441 GC heap after
{Heap after GC invocations=5 (full 0):
 garbage-first heap   total 40960K, used 11373K [0x0000000089800000, 0x0000000100000000)
  region size 1024K, 1 young (1024K), 1 survivors (1024K)
 Metaspace       used 28482K, committed 28736K, reserved 1114112K
  class space    used 3550K, committed 3648K, reserved 1048576K
}
Event: 1.639 GC heap before
{Heap before GC invocations=5 (full 0):
 garbage-first heap   total 40960K, used 31853K [0x0000000089800000, 0x0000000100000000)
  region size 1024K, 20 young (20480K), 1 survivors (1024K)
 Metaspace       used 30962K, committed 31232K, reserved 1114112K
  class space    used 4019K, committed 4160K, reserved 1048576K
}
Event: 1.646 GC heap after
{Heap after GC invocations=6 (full 0):
 garbage-first heap   total 40960K, used 17408K [0x0000000089800000, 0x0000000100000000)
  region size 1024K, 3 young (3072K), 3 survivors (3072K)
 Metaspace       used 30962K, committed 31232K, reserved 1114112K
  class space    used 4019K, committed 4160K, reserved 1048576K
}
Event: 1.816 GC heap before
{Heap before GC invocations=6 (full 0):
 garbage-first heap   total 40960K, used 30720K [0x0000000089800000, 0x0000000100000000)
  region size 1024K, 16 young (16384K), 3 survivors (3072K)
 Metaspace       used 34255K, committed 34496K, reserved 1114112K
  class space    used 4383K, committed 4480K, reserved 1048576K
}
Event: 1.822 GC heap after
{Heap after GC invocations=7 (full 0):
 garbage-first heap   total 65536K, used 16794K [0x0000000089800000, 0x0000000100000000)
  region size 1024K, 2 young (2048K), 2 survivors (2048K)
 Metaspace       used 34255K, committed 34496K, reserved 1114112K
  class space    used 4383K, committed 4480K, reserved 1048576K
}
Event: 1.913 GC heap before
{Heap before GC invocations=7 (full 0):
 garbage-first heap   total 65536K, used 23962K [0x0000000089800000, 0x0000000100000000)
  region size 1024K, 10 young (10240K), 2 survivors (2048K)
 Metaspace       used 35734K, committed 35968K, reserved 1114112K
  class space    used 4547K, committed 4672K, reserved 1048576K
}
Event: 1.917 GC heap after
{Heap after GC invocations=8 (full 0):
 garbage-first heap   total 65536K, used 17845K [0x0000000089800000, 0x0000000100000000)
  region size 1024K, 3 young (3072K), 3 survivors (3072K)
 Metaspace       used 35734K, committed 35968K, reserved 1114112K
  class space    used 4547K, committed 4672K, reserved 1048576K
}
Event: 2.332 GC heap before
{Heap before GC invocations=9 (full 0):
 garbage-first heap   total 65536K, used 48565K [0x0000000089800000, 0x0000000100000000)
  region size 1024K, 33 young (33792K), 3 survivors (3072K)
 Metaspace       used 42198K, committed 42432K, reserved 1114112K
  class space    used 5180K, committed 5312K, reserved 1048576K
}
Event: 2.338 GC heap after
{Heap after GC invocations=10 (full 0):
 garbage-first heap   total 65536K, used 20060K [0x0000000089800000, 0x0000000100000000)
  region size 1024K, 5 young (5120K), 5 survivors (5120K)
 Metaspace       used 42198K, committed 42432K, reserved 1114112K
  class space    used 5180K, committed 5312K, reserved 1048576K
}
Event: 2.740 GC heap before
{Heap before GC invocations=10 (full 0):
 garbage-first heap   total 65536K, used 51804K [0x0000000089800000, 0x0000000100000000)
  region size 1024K, 33 young (33792K), 5 survivors (5120K)
 Metaspace       used 46876K, committed 47040K, reserved 1114112K
  class space    used 5737K, committed 5824K, reserved 1048576K
}
Event: 2.751 GC heap after
{Heap after GC invocations=11 (full 0):
 garbage-first heap   total 65536K, used 26312K [0x0000000089800000, 0x0000000100000000)
  region size 1024K, 5 young (5120K), 5 survivors (5120K)
 Metaspace       used 46876K, committed 47040K, reserved 1114112K
  class space    used 5737K, committed 5824K, reserved 1048576K
}
Event: 2.849 GC heap before
{Heap before GC invocations=11 (full 0):
 garbage-first heap   total 65536K, used 48840K [0x0000000089800000, 0x0000000100000000)
  region size 1024K, 27 young (27648K), 5 survivors (5120K)
 Metaspace       used 47247K, committed 47488K, reserved 1114112K
  class space    used 5771K, committed 5888K, reserved 1048576K
}
Event: 2.857 GC heap after
{Heap after GC invocations=12 (full 0):
 garbage-first heap   total 78848K, used 27415K [0x0000000089800000, 0x0000000100000000)
  region size 1024K, 1 young (1024K), 1 survivors (1024K)
 Metaspace       used 47247K, committed 47488K, reserved 1114112K
  class space    used 5771K, committed 5888K, reserved 1048576K
}

