# JRE version: OpenJDK Runtime Environment (17.0.11) (build 17.0.11+0--11852314)
# Java VM: OpenJDK 64-Bit Server VM (17.0.11+0--11852314, mixed mode, tiered, compressed oops, compressed class ptrs, g1 gc, windows-amd64)
GC Precious Log:
 CPUs: 12 total, 12 available
 Memory: 7583M
 Large Page Support: Disabled
 NUMA Support: Disabled
 Compressed Oops: Enabled (32-bit)
 Heap Region Size: 1M
 Heap Min Capacity: 8M
 Heap Initial Capacity: 120M
 Heap Max Capacity: 1896M
 Pre-touch: Disabled
 Parallel Workers: 10
 Concurrent Workers: 3
 Concurrent Refinement Workers: 10
 Periodic GC: Disabled
Heap:
 garbage-first heap   total 88064K, used 39833K [0x0000000089800000, 0x0000000100000000)
  region size 1024K, 1 young (1024K), 1 survivors (1024K)
 Metaspace       used 51406K, committed 51648K, reserved 1114112K
  class space    used 6110K, committed 6208K, reserved 1048576K
GC Heap History (20 events):
Event: 3.438 GC heap after
{Heap after GC invocations=6 (full 0):
 garbage-first heap   total 40960K, used 17784K [0x0000000089800000, 0x0000000100000000)
  region size 1024K, 3 young (3072K), 3 survivors (3072K)
 Metaspace       used 30737K, committed 30976K, reserved 1114112K
  class space    used 3979K, committed 4096K, reserved 1048576K
}
Event: 3.850 GC heap before
{Heap before GC invocations=6 (full 0):
 garbage-first heap   total 40960K, used 31096K [0x0000000089800000, 0x0000000100000000)
  region size 1024K, 16 young (16384K), 3 survivors (3072K)
 Metaspace       used 34120K, committed 34368K, reserved 1114112K
  class space    used 4360K, committed 4480K, reserved 1048576K
}
Event: 3.859 GC heap after
{Heap after GC invocations=7 (full 0):
 garbage-first heap   total 57344K, used 17183K [0x0000000089800000, 0x0000000100000000)
  region size 1024K, 2 young (2048K), 2 survivors (2048K)
 Metaspace       used 34120K, committed 34368K, reserved 1114112K
  class space    used 4360K, committed 4480K, reserved 1048576K
}
Event: 4.095 GC heap before
{Heap before GC invocations=7 (full 0):
 garbage-first heap   total 57344K, used 25375K [0x0000000089800000, 0x0000000100000000)
  region size 1024K, 11 young (11264K), 2 survivors (2048K)
 Metaspace       used 35735K, committed 35968K, reserved 1114112K
  class space    used 4540K, committed 4672K, reserved 1048576K
}
Event: 4.100 GC heap after
{Heap after GC invocations=8 (full 0):
 garbage-first heap   total 57344K, used 18160K [0x0000000089800000, 0x0000000100000000)
  region size 1024K, 3 young (3072K), 3 survivors (3072K)
 Metaspace       used 35735K, committed 35968K, reserved 1114112K
  class space    used 4540K, committed 4672K, reserved 1048576K
}
Event: 4.572 GC heap before
{Heap before GC invocations=9 (full 0):
 garbage-first heap   total 57344K, used 39664K [0x0000000089800000, 0x0000000100000000)
  region size 1024K, 25 young (25600K), 3 survivors (3072K)
 Metaspace       used 40070K, committed 40320K, reserved 1114112K
  class space    used 4926K, committed 5056K, reserved 1048576K
}
Event: 4.581 GC heap after
{Heap after GC invocations=10 (full 0):
 garbage-first heap   total 57344K, used 20990K [0x0000000089800000, 0x0000000100000000)
  region size 1024K, 4 young (4096K), 4 survivors (4096K)
 Metaspace       used 40070K, committed 40320K, reserved 1114112K
  class space    used 4926K, committed 5056K, reserved 1048576K
}
Event: 5.251 GC heap before
{Heap before GC invocations=10 (full 0):
 garbage-first heap   total 57344K, used 43518K [0x0000000089800000, 0x0000000100000000)
  region size 1024K, 25 young (25600K), 4 survivors (4096K)
 Metaspace       used 45944K, committed 46208K, reserved 1114112K
  class space    used 5634K, committed 5760K, reserved 1048576K
}
Event: 5.258 GC heap after
{Heap after GC invocations=11 (full 0):
 garbage-first heap   total 57344K, used 24272K [0x0000000089800000, 0x0000000100000000)
  region size 1024K, 2 young (2048K), 2 survivors (2048K)
 Metaspace       used 45944K, committed 46208K, reserved 1114112K
  class space    used 5634K, committed 5760K, reserved 1048576K
}
Event: 5.546 GC heap before
{Heap before GC invocations=11 (full 0):
 garbage-first heap   total 57344K, used 43728K [0x0000000089800000, 0x0000000100000000)
  region size 1024K, 21 young (21504K), 2 survivors (2048K)
 Metaspace       used 46984K, committed 47168K, reserved 1114112K
  class space    used 5734K, committed 5824K, reserved 1048576K
}
Event: 5.559 GC heap after
{Heap after GC invocations=12 (full 0):
 garbage-first heap   total 69632K, used 28645K [0x0000000089800000, 0x0000000100000000)
  region size 1024K, 3 young (3072K), 3 survivors (3072K)
 Metaspace       used 46984K, committed 47168K, reserved 1114112K
  class space    used 5734K, committed 5824K, reserved 1048576K
}
Event: 5.735 GC heap before
{Heap before GC invocations=12 (full 0):
 garbage-first heap   total 69632K, used 51173K [0x0000000089800000, 0x0000000100000000)
  region size 1024K, 25 young (25600K), 3 survivors (3072K)
 Metaspace       used 47346K, committed 47616K, reserved 1114112K
  class space    used 5768K, committed 5888K, reserved 1048576K
}
Event: 5.742 GC heap after
{Heap after GC invocations=13 (full 0):
 garbage-first heap   total 69632K, used 29533K [0x0000000089800000, 0x0000000100000000)
  region size 1024K, 2 young (2048K), 2 survivors (2048K)
 Metaspace       used 47346K, committed 47616K, reserved 1114112K
  class space    used 5768K, committed 5888K, reserved 1048576K
}
Event: 6.428 GC heap before
{Heap before GC invocations=13 (full 0):
 garbage-first heap   total 69632K, used 52061K [0x0000000089800000, 0x0000000100000000)
  region size 1024K, 24 young (24576K), 2 survivors (2048K)
 Metaspace       used 50248K, committed 50496K, reserved 1114112K
  class space    used 6068K, committed 6144K, reserved 1048576K
}
Event: 6.443 GC heap after
{Heap after GC invocations=14 (full 0):
 garbage-first heap   total 69632K, used 34039K [0x0000000089800000, 0x0000000100000000)
  region size 1024K, 3 young (3072K), 3 survivors (3072K)
 Metaspace       used 50248K, committed 50496K, reserved 1114112K
  class space    used 6068K, committed 6144K, reserved 1048576K
}
Event: 7.114 GC heap before
{Heap before GC invocations=14 (full 0):
 garbage-first heap   total 69632K, used 52471K [0x0000000089800000, 0x0000000100000000)
  region size 1024K, 21 young (21504K), 3 survivors (3072K)
 Metaspace       used 51290K, committed 51520K, reserved 1114112K
  class space    used 6104K, committed 6208K, reserved 1048576K
}
Event: 7.133 GC heap after
{Heap after GC invocations=15 (full 0):
 garbage-first heap   total 69632K, used 37353K [0x0000000089800000, 0x0000000100000000)
  region size 1024K, 3 young (3072K), 3 survivors (3072K)
 Metaspace       used 51290K, committed 51520K, reserved 1114112K
  class space    used 6104K, committed 6208K, reserved 1048576K
}
Event: 7.542 GC heap before
{Heap before GC invocations=16 (full 0):
 garbage-first heap   total 69632K, used 53737K [0x0000000089800000, 0x0000000100000000)
  region size 1024K, 19 young (19456K), 3 survivors (3072K)
 Metaspace       used 51371K, committed 51584K, reserved 1114112K
  class space    used 6110K, committed 6208K, reserved 1048576K
}
Event: 7.560 GC heap after
{Heap after GC invocations=17 (full 0):
 garbage-first heap   total 69632K, used 40821K [0x0000000089800000, 0x0000000100000000)
  region size 1024K, 3 young (3072K), 3 survivors (3072K)
 Metaspace       used 51371K, committed 51584K, reserved 1114112K
  class space    used 6110K, committed 6208K, reserved 1048576K
}
Event: 7.586 GC heap before
{Heap before GC invocations=17 (full 0):
 garbage-first heap   total 69632K, used 41845K [0x0000000089800000, 0x0000000100000000)
  region size 1024K, 4 young (4096K), 3 survivors (3072K)
 Metaspace       used 51406K, committed 51648K, reserved 1114112K
  class space    used 6110K, committed 6208K, reserved 1048576K
}

